TN:
SF:/Users/jason-bai/workspaces/github/tea-node/tea-cache/index.js
FN:10,(anonymous_0)
FN:12,(anonymous_1)
FN:14,(anonymous_2)
FN:22,(anonymous_3)
FN:24,(anonymous_4)
FN:33,(anonymous_5)
FN:43,(anonymous_6)
FN:45,(anonymous_7)
FN:54,(anonymous_8)
FN:60,(anonymous_9)
FN:65,(anonymous_10)
FN:68,(anonymous_11)
FN:71,fn
FN:79,(anonymous_13)
FN:100,(anonymous_14)
FN:105,(anonymous_15)
FN:119,removeKey
FN:135,(anonymous_17)
FN:144,(anonymous_18)
FN:156,(anonymous_19)
FNF:20
FNH:17
FNDA:34,(anonymous_0)
FNDA:21,(anonymous_1)
FNDA:21,(anonymous_2)
FNDA:10,(anonymous_3)
FNDA:10,(anonymous_4)
FNDA:9,(anonymous_5)
FNDA:0,(anonymous_6)
FNDA:0,(anonymous_7)
FNDA:3,(anonymous_8)
FNDA:14,(anonymous_9)
FNDA:14,(anonymous_10)
FNDA:4,(anonymous_11)
FNDA:12,fn
FNDA:12,(anonymous_13)
FNDA:10,(anonymous_14)
FNDA:6,(anonymous_15)
FNDA:2,removeKey
FNDA:1,(anonymous_17)
FNDA:0,(anonymous_18)
FNDA:3,(anonymous_19)
DA:1,1
DA:2,1
DA:3,1
DA:5,1
DA:6,1
DA:8,1
DA:10,34
DA:12,1
DA:13,21
DA:14,21
DA:15,21
DA:16,0
DA:18,21
DA:22,1
DA:23,10
DA:24,10
DA:25,10
DA:26,0
DA:27,0
DA:29,10
DA:30,1
DA:31,1
DA:33,9
DA:34,9
DA:35,0
DA:36,0
DA:38,9
DA:43,1
DA:44,0
DA:45,0
DA:46,0
DA:47,0
DA:48,0
DA:50,0
DA:54,1
DA:55,3
DA:56,3
DA:60,1
DA:61,14
DA:62,14
DA:63,0
DA:65,14
DA:68,1
DA:69,4
DA:72,12
DA:73,12
DA:74,12
DA:75,0
DA:77,12
DA:78,12
DA:79,12
DA:86,12
DA:87,0
DA:88,0
DA:91,12
DA:92,2
DA:93,2
DA:100,10
DA:101,10
DA:102,4
DA:103,4
DA:105,6
DA:106,6
DA:115,10
DA:120,2
DA:121,2
DA:122,2
DA:123,0
DA:125,2
DA:126,2
DA:127,2
DA:130,4
DA:132,4
DA:135,1
DA:136,1
DA:137,0
DA:140,1
DA:141,1
DA:143,1
DA:144,1
DA:145,0
DA:147,1
DA:148,1
DA:149,1
DA:150,1
DA:151,1
DA:152,1
DA:153,1
DA:156,1
DA:157,3
DA:160,1
DA:161,1
DA:162,1
DA:164,1
LF:94
LH:76
BRDA:15,0,0,0
BRDA:15,0,1,21
BRDA:25,1,0,0
BRDA:25,1,1,10
BRDA:29,2,0,1
BRDA:29,2,1,9
BRDA:33,3,0,9
BRDA:33,3,1,0
BRDA:34,4,0,0
BRDA:34,4,1,9
BRDA:46,5,0,0
BRDA:46,5,1,0
BRDA:54,6,0,0
BRDA:62,7,0,0
BRDA:62,7,1,14
BRDA:69,8,0,0
BRDA:69,8,1,4
BRDA:74,9,0,0
BRDA:74,9,1,12
BRDA:86,10,0,0
BRDA:86,10,1,12
BRDA:91,11,0,2
BRDA:91,11,1,10
BRDA:91,12,0,12
BRDA:91,12,1,12
BRDA:101,13,0,4
BRDA:101,13,1,6
BRDA:122,14,0,0
BRDA:122,14,1,2
BRDA:135,15,0,1
BRDA:135,16,0,1
BRDA:136,17,0,0
BRDA:136,17,1,1
BRDA:140,18,0,1
BRDA:140,18,1,0
BRDA:140,19,0,1
BRDA:140,19,1,1
BRDA:143,20,0,1
BRDA:143,20,1,0
BRF:39
BRH:24
end_of_record
